nohup: ignoring input
./bin/program
Graph is biplanar!
0 1
0 2
9 11
9 2
0 11
10 2
1 11
3 0
3 9
3 10
12 2
13 3
4 12
13 10
4 10
4 2
13 2
5 4
14 13
14 10
5 10
5 2
14 2
6 5
15 14
15 10
6 10
6 2
15 2
16 6
7 15
16 10
7 10
7 2
16 2
8 7
8 16
17 10
8 10
8 2
17 2

9 10
9 1
0 10
1 2
10 11
12 9
12 0
3 1
12 10
12 1
3 2
12 11
3 11
4 3
13 12
4 1
13 1
13 11
4 11
14 4
5 13
5 1
14 1
14 11
5 11
15 5
6 14
6 1
15 1
15 11
6 11
7 6
16 15
7 1
16 1
16 11
7 11
17 16
17 7
8 1
17 1
17 11
8 11
biplanarrr
Took: 14.3125 seconds.
Graph is biplanar!
0 1
10 1
0 2
10 12
0 12
11 12
1 12
13 10
13 0
13 11
3 11
13 2
14 3
4 13
14 11
4 2
14 2
15 4
5 14
15 11
5 11
5 2
15 2
6 5
16 15
16 11
6 11
6 2
16 2
7 6
17 16
17 11
7 11
7 2
17 2
18 7
8 17
18 11
8 11
8 2
18 2
9 8
9 18
19 11
9 11
9 2
19 2

10 11
0 11
10 2
1 2
11 2
3 0
3 10
3 1
13 1
3 2
13 12
3 12
4 3
14 13
4 1
14 1
4 11
14 12
4 12
5 4
15 14
5 1
15 1
15 12
5 12
16 5
6 15
6 1
16 1
16 12
6 12
17 6
7 16
7 1
17 1
17 12
7 12
8 7
18 17
8 1
18 1
18 12
8 12
19 18
19 8
9 1
19 1
19 12
9 12
biplanarrr
Took: 2.1663 seconds.
Graph is biplanar!
0 1
11 12
11 1
0 2
11 2
12 2
3 11
14 12
3 12
3 2
14 2
15 14
4 14
4 1
15 12
4 12
4 2
4 13
16 15
16 4
16 12
5 12
16 13
5 13
17 5
6 16
17 12
6 12
17 13
6 13
18 6
7 17
18 12
7 12
18 13
7 13
19 7
8 18
19 12
8 12
19 13
8 13
9 8
20 19
20 12
9 12
20 13
9 13
21 20
21 9
21 12
10 12
21 13
10 13

0 12
11 13
0 13
1 2
12 13
1 13
3 0
14 11
14 0
3 1
14 1
14 13
3 13
4 3
15 3
15 1
15 13
15 2
5 4
5 15
5 1
16 1
5 2
16 2
6 5
17 16
6 1
17 1
6 2
17 2
7 6
18 17
7 1
18 1
7 2
18 2
8 7
19 18
8 1
19 1
8 2
19 2
20 8
9 19
9 1
20 1
9 2
20 2
10 9
10 20
10 1
21 1
10 2
21 2
biplanarrr
Took: 11.6174 seconds.
Graph is biplanar!
0 1
12 13
12 1
0 2
1 2
13 2
3 0
3 12
3 1
3 13
3 2
15 14
3 14
16 15
16 3
16 13
4 13
16 14
16 2
5 4
5 16
17 13
5 13
5 2
17 2
18 5
6 17
18 13
6 13
6 2
18 2
7 6
19 18
19 13
7 13
7 2
19 2
8 7
20 19
20 13
8 13
8 2
20 2
21 8
9 20
21 13
9 13
9 2
21 2
22 21
22 9
22 13
10 13
10 2
22 2
11 10
23 10
23 13
11 13
11 2
23 2

0 13
12 14
12 2
0 14
13 14
1 14
15 12
15 0
15 13
15 1
15 2
4 3
4 15
4 1
16 1
4 2
4 14
17 16
17 4
5 1
17 1
17 14
5 14
6 5
18 17
6 1
18 1
18 14
6 14
19 6
7 18
7 1
19 1
19 14
7 14
20 7
8 19
8 1
20 1
20 14
8 14
9 8
21 20
9 1
21 1
21 14
9 14
10 9
10 21
10 1
22 1
22 14
10 14
23 22
11 22
11 1
23 1
23 14
11 14
biplanarrr
Took: 9.74731 seconds.
Graph is biplanar!
0 1
13 1
13 15
0 15
14 15
1 15
3 0
16 13
16 1
16 15
17 3
4 1
17 14
17 1
4 14
4 2
17 15
4 15
5 4
5 17
5 1
18 14
5 14
5 2
6 5
6 18
19 14
6 14
6 2
19 2
7 6
20 19
20 14
7 14
7 2
20 2
21 7
8 20
21 14
8 14
8 2
21 2
22 8
9 21
22 14
9 14
9 2
22 2
23 9
10 22
23 14
10 14
10 2
23 2
24 10
11 23
24 14
11 14
11 2
24 2
12 11
12 24
25 14
12 14
12 2
25 2

13 14
0 14
0 2
13 2
1 2
14 2
16 0
3 13
3 1
16 14
3 14
3 2
16 2
3 15
4 3
17 16
4 16
17 2
18 17
18 4
18 1
18 15
18 2
5 15
19 18
19 5
6 1
19 1
19 15
6 15
20 6
7 19
7 1
20 1
20 15
7 15
8 7
21 20
8 1
21 1
21 15
8 15
9 8
22 21
9 1
22 1
22 15
9 15
10 9
23 22
10 1
23 1
23 15
10 15
11 10
24 23
11 1
24 1
24 15
11 15
25 24
25 11
12 1
25 1
25 15
12 15
biplanarrr
Took: 249.221 seconds.
Graph is biplanar!
0 1
14 15
14 1
0 2
14 2
1 2
15 2
3 0
3 14
3 15
3 2
17 2
3 16
4 3
18 17
4 17
4 15
4 16
19 18
19 4
19 16
19 2
5 16
6 5
20 19
6 2
20 16
20 2
6 16
7 6
21 20
7 2
21 16
21 2
7 16
22 7
8 21
8 2
22 16
22 2
8 16
23 8
9 22
9 2
23 16
23 2
9 16
10 9
24 23
10 2
24 16
24 2
10 16
25 10
11 24
11 2
25 16
25 2
11 16
26 25
26 11
12 2
26 16
26 2
12 16
13 12
27 12
13 2
27 16
27 2
13 16

0 15
14 16
0 16
15 16
1 16
17 14
17 0
3 1
17 15
17 1
17 16
18 3
4 1
18 15
18 1
4 2
18 16
18 2
5 4
5 18
5 1
19 15
19 1
5 15
5 2
20 5
6 19
6 1
20 15
20 1
6 15
21 6
7 20
7 1
21 15
21 1
7 15
8 7
22 21
8 1
22 15
22 1
8 15
9 8
23 22
9 1
23 15
23 1
9 15
24 9
10 23
10 1
24 15
24 1
10 15
11 10
25 24
11 1
25 15
25 1
11 15
12 11
12 25
12 1
26 15
26 1
12 15
27 26
13 26
13 1
27 15
27 1
13 15
biplanarrr
Took: 46.3448 seconds.
