nohup: ignoring input
./bin/balanced
Graph is biplanar!
0 1
12 13
12 1
0 2
1 2
13 2
3 0
3 12
3 1
3 13
3 2
15 14
3 14
16 15
16 3
16 13
4 13
16 14
16 2
5 4
5 16
17 13
5 13
5 2
17 2
18 5
6 17
18 13
6 13
6 2
18 2
7 6
19 18
19 13
7 13
7 2
19 2
8 7
20 19
20 13
8 13
8 2
20 2
21 8
9 20
21 13
9 13
9 2
21 2
22 21
22 9
22 13
10 13
10 2
22 2
11 10
23 10
23 13
11 13
11 2
23 2

0 13
12 14
12 2
0 14
13 14
1 14
15 12
15 0
15 13
15 1
15 2
4 3
4 15
4 1
16 1
4 2
4 14
17 16
17 4
5 1
17 1
17 14
5 14
6 5
18 17
6 1
18 1
18 14
6 14
19 6
7 18
7 1
19 1
19 14
7 14
20 7
8 19
8 1
20 1
20 14
8 14
9 8
21 20
9 1
21 1
21 14
9 14
10 9
10 21
10 1
22 1
22 14
10 14
23 22
11 22
11 1
23 1
23 14
11 14
biplanarrr
Took: 18.4478 seconds.
Graph is biplanar!
0 1
13 1
13 15
0 15
14 15
1 15
3 0
16 13
16 1
16 15
17 3
4 1
17 14
17 1
4 14
4 2
17 15
4 15
5 4
5 17
5 1
18 14
5 14
5 2
6 5
6 18
19 14
6 14
6 2
19 2
7 6
20 19
20 14
7 14
7 2
20 2
21 7
8 20
21 14
8 14
8 2
21 2
22 8
9 21
22 14
9 14
9 2
22 2
23 9
10 22
23 14
10 14
10 2
23 2
24 10
11 23
24 14
11 14
11 2
24 2
12 11
12 24
25 14
12 14
12 2
25 2

13 14
0 14
0 2
13 2
1 2
14 2
16 0
3 13
3 1
16 14
3 14
3 2
16 2
3 15
4 3
17 16
4 16
17 2
18 17
18 4
18 1
18 15
18 2
5 15
19 18
19 5
6 1
19 1
19 15
6 15
20 6
7 19
7 1
20 1
20 15
7 15
8 7
21 20
8 1
21 1
21 15
8 15
9 8
22 21
9 1
22 1
22 15
9 15
10 9
23 22
10 1
23 1
23 15
10 15
11 10
24 23
11 1
24 1
24 15
11 15
25 24
25 11
12 1
25 1
25 15
12 15
biplanarrr
Took: 245.151 seconds.
Graph is biplanar!
0 1
14 15
14 1
0 2
14 2
1 2
15 2
3 0
3 14
3 15
3 2
17 2
3 16
4 3
18 17
4 17
4 15
4 16
19 18
19 4
19 16
19 2
5 16
6 5
20 19
6 2
20 16
20 2
6 16
7 6
21 20
7 2
21 16
21 2
7 16
22 7
8 21
8 2
22 16
22 2
8 16
23 8
9 22
9 2
23 16
23 2
9 16
10 9
24 23
10 2
24 16
24 2
10 16
25 10
11 24
11 2
25 16
25 2
11 16
26 25
26 11
12 2
26 16
26 2
12 16
13 12
27 12
13 2
27 16
27 2
13 16

0 15
14 16
0 16
15 16
1 16
17 14
17 0
3 1
17 15
17 1
17 16
18 3
4 1
18 15
18 1
4 2
18 16
18 2
5 4
5 18
5 1
19 15
19 1
5 15
5 2
20 5
6 19
6 1
20 15
20 1
6 15
21 6
7 20
7 1
21 15
21 1
7 15
8 7
22 21
8 1
22 15
22 1
8 15
9 8
23 22
9 1
23 15
23 1
9 15
24 9
10 23
10 1
24 15
24 1
10 15
11 10
25 24
11 1
25 15
25 1
11 15
12 11
12 25
12 1
26 15
26 1
12 15
27 26
13 26
13 1
27 15
27 1
13 15
biplanarrr
Took: 46.0454 seconds.
Graph is biplanar!
0 1
0 2
15 2
1 2
16 2
18 15
18 0
18 16
18 1
3 16
18 17
4 3
19 18
4 1
19 16
4 16
20 4
5 19
5 1
20 16
20 1
5 16
5 17
6 5
21 20
6 1
21 16
21 1
6 16
7 6
22 21
7 1
22 16
22 1
7 16
23 7
8 22
8 1
23 16
23 1
8 16
24 8
9 23
9 1
24 16
24 1
9 16
25 9
10 24
10 1
25 16
25 1
10 16
11 10
26 25
11 1
26 16
26 1
11 16
12 11
27 26
12 1
27 16
27 1
12 16
28 27
28 12
13 1
28 16
28 1
13 16
14 13
29 13
14 1
29 16
29 1
14 16

15 16
15 1
0 16
15 17
0 17
16 17
1 17
3 0
3 15
3 1
3 2
18 2
3 17
19 3
4 18
19 1
4 2
19 17
19 2
4 17
5 4
20 19
5 2
20 17
20 2
21 5
6 20
6 2
21 17
21 2
6 17
22 6
7 21
7 2
22 17
22 2
7 17
8 7
23 22
8 2
23 17
23 2
8 17
9 8
24 23
9 2
24 17
24 2
9 17
10 9
25 24
10 2
25 17
25 2
10 17
26 10
11 25
11 2
26 17
26 2
11 17
27 11
12 26
12 2
27 17
27 2
12 17
13 12
13 27
13 2
28 17
28 2
13 17
29 28
14 28
14 2
29 17
29 2
14 17
biplanarrr
Took: 43.6192 seconds.
Graph is biplanar!
0 1
16 17
16 1
3 0
19 16
19 17
19 1
3 17
3 18
4 3
20 3
4 1
20 17
4 17
4 2
20 18
5 4
5 20
21 17
5 17
5 2
21 2
6 5
22 21
22 17
6 17
6 2
22 2
7 6
23 22
23 17
7 17
7 2
23 2
24 7
8 23
24 17
8 17
8 2
24 2
25 8
9 24
25 17
9 17
9 2
25 2
10 9
26 25
26 17
10 17
10 2
26 2
11 10
27 26
27 17
11 17
11 2
27 2
12 11
28 27
28 17
12 17
12 2
28 2
13 12
29 28
29 17
13 17
13 2
29 2
14 13
14 29
30 17
14 17
14 2
30 2
31 30
15 30
31 17
15 17
15 2
31 2

0 17
0 2
16 18
16 2
0 18
1 2
17 18
17 2
1 18
19 0
3 16
3 1
3 2
19 18
19 2
20 19
4 19
20 1
20 2
4 18
21 20
21 4
5 1
21 1
21 18
5 18
22 5
6 21
6 1
22 1
22 18
6 18
23 6
7 22
7 1
23 1
23 18
7 18
8 7
24 23
8 1
24 1
24 18
8 18
9 8
25 24
9 1
25 1
25 18
9 18
26 9
10 25
10 1
26 1
26 18
10 18
27 10
11 26
11 1
27 1
27 18
11 18
28 11
12 27
12 1
28 1
28 18
12 18
29 12
13 28
13 1
29 1
29 18
13 18
30 29
30 13
14 1
30 1
30 18
14 18
15 14
31 14
15 1
31 1
31 18
15 18
biplanarrr
Took: 142.511 seconds.
Graph is biplanar!
0 1
0 2
17 2
1 2
18 19
3 0
20 17
3 17
3 1
20 18
3 18
20 2
3 19
4 20
4 18
4 2
21 19
4 19
5 4
22 21
5 21
5 1
5 2
22 19
5 19
6 5
6 22
6 1
23 1
23 19
6 19
24 6
7 23
7 1
24 1
24 19
7 19
8 7
25 24
8 1
25 1
25 19
8 19
26 8
9 25
9 1
26 1
26 19
9 19
27 9
10 26
10 1
27 1
27 19
10 19
28 10
11 27
11 1
28 1
28 19
11 19
29 11
12 28
12 1
29 1
29 19
12 19
30 12
13 29
13 1
30 1
30 19
13 19
14 13
31 30
14 1
31 1
31 19
14 19
32 14
15 31
15 1
32 1
32 19
15 19
33 32
33 15
16 1
33 1
33 19
16 19

17 18
17 1
0 18
17 19
0 19
18 2
1 19
20 0
20 1
3 2
20 19
4 3
21 20
21 3
4 1
21 18
21 1
21 2
22 4
22 18
22 1
5 18
22 2
23 22
23 5
23 18
6 18
6 2
23 2
7 6
24 23
24 18
7 18
7 2
24 2
25 7
8 24
25 18
8 18
8 2
25 2
9 8
26 25
26 18
9 18
9 2
26 2
10 9
27 26
27 18
10 18
10 2
27 2
11 10
28 27
28 18
11 18
11 2
28 2
12 11
29 28
29 18
12 18
12 2
29 2
13 12
30 29
30 18
13 18
13 2
30 2
31 13
14 30
31 18
14 18
14 2
31 2
15 14
32 31
32 18
15 18
15 2
32 2
16 15
16 32
33 18
16 18
16 2
33 2
biplanarrr
Took: 379.021 seconds.
Graph is biplanar!
0 1
0 2
18 20
18 2
1 2
3 0
21 18
3 18
3 1
21 1
3 19
3 20
4 3
4 21
4 1
22 19
4 19
4 20
23 22
23 4
23 19
5 19
23 20
5 20
24 5
6 23
24 19
6 19
24 20
6 20
7 6
25 24
25 19
7 19
25 20
7 20
26 7
8 25
26 19
8 19
26 20
8 20
27 8
9 26
27 19
9 19
27 20
9 20
10 9
28 27
28 19
10 19
28 20
10 20
29 10
11 28
29 19
11 19
29 20
11 20
12 11
30 29
30 19
12 19
30 20
12 20
31 12
13 30
31 19
13 19
31 20
13 20
14 13
32 31
32 19
14 19
32 20
14 20
33 14
15 32
33 19
15 19
33 20
15 20
34 33
34 15
34 19
16 19
34 20
16 20
17 16
35 16
35 19
17 19
35 20
17 20

18 19
18 1
0 19
0 20
19 20
19 2
1 20
21 0
21 19
3 2
21 20
21 2
22 21
22 3
22 1
4 2
22 20
22 2
5 4
5 22
5 1
23 1
5 2
23 2
6 5
24 23
6 1
24 1
6 2
24 2
25 6
7 24
7 1
25 1
7 2
25 2
8 7
26 25
8 1
26 1
8 2
26 2
9 8
27 26
9 1
27 1
9 2
27 2
28 9
10 27
10 1
28 1
10 2
28 2
11 10
29 28
11 1
29 1
11 2
29 2
30 11
12 29
12 1
30 1
12 2
30 2
13 12
31 30
13 1
31 1
13 2
31 2
32 13
14 31
14 1
32 1
14 2
32 2
15 14
33 32
15 1
33 1
15 2
33 2
16 15
16 33
16 1
34 1
16 2
34 2
35 34
17 34
17 1
35 1
17 2
35 2
biplanarrr
Took: 406.352 seconds.
