nohup: ignoring input
./bin/balanced
19
Graph is biplanar!
0 1
19 1
0 2
19 2
1 2
20 21
20 2
22 0
22 20
22 1
3 20
3 2
22 21
22 2
3 21
23 22
4 1
23 20
4 20
5 4
24 23
5 1
24 20
24 1
5 20
25 5
6 24
6 1
25 20
25 1
6 20
26 6
7 25
7 1
26 20
26 1
7 20
27 7
8 26
8 1
27 20
27 1
8 20
9 8
28 27
9 1
28 20
28 1
9 20
10 9
29 28
10 1
29 20
29 1
10 20
30 10
11 29
11 1
30 20
30 1
11 20
31 11
12 30
12 1
31 20
31 1
12 20
32 12
13 31
13 1
32 20
32 1
13 20
33 13
14 32
14 1
33 20
33 1
14 20
34 14
15 33
15 1
34 20
34 1
15 20
16 15
35 34
16 1
35 20
35 1
16 20
36 16
17 35
17 1
36 20
36 1
17 20
37 36
18 1
37 20
37 1
18 20
37 2

19 20
0 20
19 21
0 21
1 21
3 0
22 19
3 19
3 1
4 3
23 3
4 22
23 1
4 2
23 21
23 2
4 21
24 4
5 23
5 2
24 21
24 2
5 21
6 5
25 24
6 2
25 21
25 2
6 21
7 6
26 25
7 2
26 21
26 2
7 21
8 7
27 26
8 2
27 21
27 2
8 21
28 8
9 27
9 2
28 21
28 2
9 21
29 9
10 28
10 2
29 21
29 2
10 21
11 10
30 29
11 2
30 21
30 2
11 21
12 11
31 30
12 2
31 21
31 2
12 21
13 12
32 31
13 2
32 21
32 2
13 21
14 13
33 32
14 2
33 21
33 2
14 21
15 14
34 33
15 2
34 21
34 2
15 21
35 15
16 34
16 2
35 21
35 2
16 21
17 16
36 35
17 2
36 21
36 2
17 21
18 17
37 17
18 36
18 2
37 21
18 21
biplanarrr
Took: 537.517 seconds.




20
Graph is biplanar!
0 1
20 1
0 2
20 22
21 22
1 22
23 20
23 0
3 1
23 21
23 1
23 2
4 3
24 3
4 23
4 1
24 1
4 2
4 22
25 24
25 4
5 1
25 1
5 2
25 2
26 5
6 25
6 1
26 1
6 2
26 2
7 6
27 26
7 1
27 1
7 2
27 2
8 7
28 27
8 1
28 1
8 2
28 2
9 8
29 28
9 1
29 1
9 2
29 2
30 9
10 29
10 1
30 1
10 2
30 2
31 10
11 30
11 1
31 1
11 2
31 2
12 11
32 31
12 1
32 1
12 2
32 2
13 12
33 32
13 1
33 1
13 2
33 2
34 13
14 33
14 1
34 1
14 2
34 2
15 14
35 34
15 1
35 1
15 2
35 2
16 15
36 35
16 1
36 1
16 2
36 2
37 16
17 36
17 1
37 1
17 2
37 2
38 17
18 37
18 1
38 1
18 2
38 2
39 38
39 18
19 1
39 1
19 2
39 2

20 21
0 21
20 2
0 22
1 2
21 2
3 0
3 20
3 21
3 2
23 22
3 22
24 23
24 21
4 21
24 22
24 2
5 4
5 24
25 21
5 21
25 22
5 22
6 5
26 25
26 21
6 21
26 22
6 22
27 6
7 26
27 21
7 21
27 22
7 22
28 7
8 27
28 21
8 21
28 22
8 22
29 8
9 28
29 21
9 21
29 22
9 22
10 9
30 29
30 21
10 21
30 22
10 22
11 10
31 30
31 21
11 21
31 22
11 22
32 11
12 31
32 21
12 21
32 22
12 22
33 12
13 32
33 21
13 21
33 22
13 22
14 13
34 33
34 21
14 21
34 22
14 22
35 14
15 34
35 21
15 21
35 22
15 22
36 15
16 35
36 21
16 21
36 22
16 22
17 16
37 36
37 21
17 21
37 22
17 22
18 17
38 37
38 21
18 21
38 22
18 22
19 18
19 38
39 21
19 21
39 22
19 22
biplanarrr
Took: 546.284 seconds.




21
Graph is biplanar!
0 1
0 2
21 2
1 2
22 23
22 2
3 0
3 21
3 1
24 22
3 22
3 2
3 23
25 3
4 24
25 22
25 1
4 22
25 23
25 2
4 23
26 4
5 25
26 22
5 22
5 23
6 5
27 26
27 22
6 22
27 23
6 23
28 6
7 27
28 22
7 22
28 23
7 23
29 7
8 28
29 22
8 22
29 23
8 23
30 8
9 29
30 22
9 22
30 23
9 23
10 9
31 30
31 22
10 22
31 23
10 23
11 10
32 31
32 22
11 22
32 23
11 23
12 11
33 32
33 22
12 22
33 23
12 23
13 12
34 33
34 22
13 22
34 23
13 23
14 13
35 34
35 22
14 22
35 23
14 23
36 14
15 35
36 22
15 22
36 23
15 23
16 15
37 36
37 22
16 22
37 23
16 23
38 16
17 37
38 22
17 22
38 23
17 23
39 17
18 38
39 22
18 22
39 23
18 23
40 39
40 18
40 22
19 22
40 23
19 23
20 19
41 19
41 22
20 22
41 23
20 23

21 22
21 1
0 22
21 23
0 23
1 23
24 21
24 0
24 1
24 23
24 2
4 3
25 24
4 1
4 2
5 4
26 25
5 1
26 1
5 2
26 23
26 2
27 5
6 26
6 1
27 1
6 2
27 2
7 6
28 27
7 1
28 1
7 2
28 2
8 7
29 28
8 1
29 1
8 2
29 2
9 8
30 29
9 1
30 1
9 2
30 2
31 9
10 30
10 1
31 1
10 2
31 2
32 10
11 31
11 1
32 1
11 2
32 2
33 11
12 32
12 1
33 1
12 2
33 2
34 12
13 33
13 1
34 1
13 2
34 2
35 13
14 34
14 1
35 1
14 2
35 2
15 14
36 35
15 1
36 1
15 2
36 2
37 15
16 36
16 1
37 1
16 2
37 2
17 16
38 37
17 1
38 1
17 2
38 2
18 17
39 38
18 1
39 1
18 2
39 2
19 18
19 39
19 1
40 1
19 2
40 2
41 40
20 40
20 1
41 1
20 2
41 2
biplanarrr
Took: 3584.93 seconds.




22
make: *** [Makefile:29: run] Killed
